Proyecto/app/build/intermediates/manifest_merge_blame_file/debug/manifest-merger-blame-debug-report.txt
1<?xml version="1.0" encoding="utf-8"?>
2<manifest xmlns:android="http://schemas.android.com/apk/res/android"
3    package="com.example.appproyecto"
4    android:versionCode="1"
5    android:versionName="1.0" >
6
7    <uses-sdk
8        android:minSdkVersion="21"
8-->src\main\AndroidManifest.xml
9        android:targetSdkVersion="32" />
9-->src\main\AndroidManifest.xml
10
11    <uses-permission android:name="android.permission.BLUETOOTH" />
11-->src\main\AndroidManifest.xml:5:5-68
11-->src\main\AndroidManifest.xml:5:22-65
12    <uses-permission android:name="android.permission.BLUETOOTH_ADMIN" />
12-->src\main\AndroidManifest.xml:6:5-74
12-->src\main\AndroidManifest.xml:6:22-71
13    <uses-permission android:name="android.permission.ACCESS_FINE_LOCATION" />
13-->src\main\AndroidManifest.xml:7:5-79
13-->src\main\AndroidManifest.xml:7:22-76
14    <uses-permission android:name="android.permission.ACCESS_COARSE_LOCATION" />
14-->src\main\AndroidManifest.xml:8:5-81
14-->src\main\AndroidManifest.xml:8:22-78
15    <uses-permission android:name="android.permission.BLUETOOTH_CONNECT" />
15-->src\main\AndroidManifest.xml:9:5-76
15-->src\main\AndroidManifest.xml:9:22-73
16    <uses-permission android:name="android.permission.BLUETOOTH_SCAN" />
16-->src\main\AndroidManifest.xml:10:5-73
16-->src\main\AndroidManifest.xml:10:22-70
17    <uses-permission android:name="android.permission.INTERNET" />
17-->src\main\AndroidManifest.xml:11:5-66
17-->src\main\AndroidManifest.xml:11:22-64
18
19    <application
19-->src\main\AndroidManifest.xml:13:5-36:19
20        android:allowBackup="true"
20-->src\main\AndroidManifest.xml:14:9-35
21        android:appComponentFactory="androidx.core.app.CoreComponentFactory"
21-->[androidx.core:core:1.7.0] AndroidManifest.xml:24:18-86
22        android:dataExtractionRules="@xml/data_extraction_rules"
22-->src\main\AndroidManifest.xml:15:9-65
23        android:debuggable="true"
24        android:fullBackupContent="@xml/backup_rules"
24-->src\main\AndroidManifest.xml:16:9-54
25        android:icon="@mipmap/ic_launcher"
25-->src\main\AndroidManifest.xml:17:9-43
26        android:label="@string/app_name"
26-->src\main\AndroidManifest.xml:18:9-41
27        android:roundIcon="@mipmap/ic_launcher_round"
27-->src\main\AndroidManifest.xml:19:9-54
28        android:supportsRtl="true"
28-->src\main\AndroidManifest.xml:20:9-35
29        android:testOnly="true"
30        android:theme="@style/Theme.AppProyecto" >
30-->src\main\AndroidManifest.xml:21:9-49
31        <activity
31-->src\main\AndroidManifest.xml:23:9-35:20
32            android:name="com.example.appproyecto.MainActivity"
32-->src\main\AndroidManifest.xml:24:13-41
33            android:exported="true" >
33-->src\main\AndroidManifest.xml:25:13-36
34            <intent-filter>
34-->src\main\AndroidManifest.xml:26:13-30:29
35                <action android:name="android.intent.action.MAIN" />
35-->src\main\AndroidManifest.xml:27:17-69
35-->src\main\AndroidManifest.xml:27:25-66
36
37                <category android:name="android.intent.category.LAUNCHER" />
37-->src\main\AndroidManifest.xml:29:17-77
37-->src\main\AndroidManifest.xml:29:27-74
38            </intent-filter>
39
40            <meta-data
40-->src\main\AndroidManifest.xml:32:13-34:36
41                android:name="android.app.lib_name"
41-->src\main\AndroidManifest.xml:33:17-52
42                android:value="" />
42-->src\main\AndroidManifest.xml:34:17-33
43        </activity>
44
45        <provider
45-->[androidx.emoji2:emoji2:1.0.0] AndroidManifest.xml:26:9-34:20
46            android:name="androidx.startup.InitializationProvider"
46-->[androidx.emoji2:emoji2:1.0.0] AndroidManifest.xml:27:13-67
47            android:authorities="com.example.appproyecto.androidx-startup"
47-->[androidx.emoji2:emoji2:1.0.0] AndroidManifest.xml:28:13-68
48            android:exported="false" >
48-->[androidx.emoji2:emoji2:1.0.0] AndroidManifest.xml:29:13-37
49            <meta-data
49-->[androidx.emoji2:emoji2:1.0.0] AndroidManifest.xml:31:13-33:52
50                android:name="androidx.emoji2.text.EmojiCompatInitializer"
50-->[androidx.emoji2:emoji2:1.0.0] AndroidManifest.xml:32:17-75
51                android:value="androidx.startup" />
51-->[androidx.emoji2:emoji2:1.0.0] AndroidManifest.xml:33:17-49
52            <meta-data
52-->[androidx.lifecycle:lifecycle-process:2.4.0] AndroidManifest.xml:31:13-33:52
53                android:name="androidx.lifecycle.ProcessLifecycleInitializer"
53-->[androidx.lifecycle:lifecycle-process:2.4.0] AndroidManifest.xml:32:17-78
54                android:value="androidx.startup" />
54-->[androidx.lifecycle:lifecycle-process:2.4.0] AndroidManifest.xml:33:17-49
55        </provider>
56    </application>
57
58</manifest>